2019-12-21 15:43:56,667 DEBUG [JavaFX Application Thread] cmn.HROraConnectionMaker (HROraConnectionMaker.java:86)     - Connection=oracle.jdbc.driver.T4CConnection@f50b7dd
2019-12-21 15:43:57,011 DEBUG [JavaFX Application Thread] cmn.HROraConnectionMaker (HROraConnectionMaker.java:86)     - Connection=oracle.jdbc.driver.T4CConnection@54715299
2019-12-21 15:43:57,129 DEBUG [JavaFX Application Thread] cmn.HROraConnectionMaker (HROraConnectionMaker.java:86)     - Connection=oracle.jdbc.driver.T4CConnection@535e53f6
2019-12-21 15:43:57,129 DEBUG [JavaFX Application Thread] dao.MemberDao     (MemberDao.java:567)     - =============================
2019-12-21 15:43:57,130 DEBUG [JavaFX Application Thread] dao.MemberDao     (MemberDao.java:568)     - 01. Connection=oracle.jdbc.driver.T4CConnection@535e53f6
2019-12-21 15:43:57,131 DEBUG [JavaFX Application Thread] dao.MemberDao     (MemberDao.java:569)     - =============================
2019-12-21 15:43:57,131 DEBUG [JavaFX Application Thread] dao.MemberDao     (MemberDao.java:593)     - =============================
2019-12-21 15:43:57,132 DEBUG [JavaFX Application Thread] dao.MemberDao     (MemberDao.java:594)     - 02. sql=
  SELECT            
      mem_id,       
      grp_div,      
      pw,           
      name,         
      auth,         
      email,        
      cellphone,    
      address,      
      addr_dtail,   
      point,        
      reg_dt,       
      reg_id,       
      mod_dt,       
      mod_id        
  FROM member       
  WHERE mem_id = ?  
  AND grp_div  = ?  

2019-12-21 15:43:57,132 DEBUG [JavaFX Application Thread] dao.MemberDao     (MemberDao.java:595)     - =============================
2019-12-21 15:43:57,133 DEBUG [JavaFX Application Thread] dao.MemberDao     (MemberDao.java:603)     - =============================
2019-12-21 15:43:57,133 DEBUG [JavaFX Application Thread] dao.MemberDao     (MemberDao.java:604)     - 03. getMemId=
user1
2019-12-21 15:43:57,133 DEBUG [JavaFX Application Thread] dao.MemberDao     (MemberDao.java:605)     - 03. getGrpDiv=
5
2019-12-21 15:43:57,134 DEBUG [JavaFX Application Thread] dao.MemberDao     (MemberDao.java:606)     - =============================
2019-12-21 15:43:57,160 DEBUG [JavaFX Application Thread] dao.MemberDao     (MemberDao.java:631)     - =============================
2019-12-21 15:43:57,160 DEBUG [JavaFX Application Thread] dao.MemberDao     (MemberDao.java:632)     - 04. Run outVO=
MemberVO [memId=user1, grpDiv=5, pw=1234, name=홍길동, auth=1, email=honggildong@naver.com, cellphone=010-1111-0001, address=서울시 마포구, addrDtail=null, point=null, regDt=2019-12-12 15:11:52, regId=admin, modDt=2019-12-12 15:11:52, modId=admin, toString()=DTO [no=null, message=null, messageDiv=null, total=0, grpDiv=null]]
2019-12-21 15:43:57,161 DEBUG [JavaFX Application Thread] dao.MemberDao     (MemberDao.java:633)     - =============================
2019-12-21 15:47:53,488 DEBUG [JavaFX Application Thread] cmn.HROraConnectionMaker (HROraConnectionMaker.java:86)     - Connection=oracle.jdbc.driver.T4CConnection@7a41d54e
2019-12-21 15:47:53,812 DEBUG [JavaFX Application Thread] cmn.HROraConnectionMaker (HROraConnectionMaker.java:86)     - Connection=oracle.jdbc.driver.T4CConnection@1d62ec1f
2019-12-21 15:47:53,921 DEBUG [JavaFX Application Thread] cmn.HROraConnectionMaker (HROraConnectionMaker.java:86)     - Connection=oracle.jdbc.driver.T4CConnection@435990b0
2019-12-21 15:47:53,922 DEBUG [JavaFX Application Thread] dao.MemberDao     (MemberDao.java:567)     - =============================
2019-12-21 15:47:53,923 DEBUG [JavaFX Application Thread] dao.MemberDao     (MemberDao.java:568)     - 01. Connection=oracle.jdbc.driver.T4CConnection@435990b0
2019-12-21 15:47:53,923 DEBUG [JavaFX Application Thread] dao.MemberDao     (MemberDao.java:569)     - =============================
2019-12-21 15:47:53,923 DEBUG [JavaFX Application Thread] dao.MemberDao     (MemberDao.java:593)     - =============================
2019-12-21 15:47:53,923 DEBUG [JavaFX Application Thread] dao.MemberDao     (MemberDao.java:594)     - 02. sql=
  SELECT            
      mem_id,       
      grp_div,      
      pw,           
      name,         
      auth,         
      email,        
      cellphone,    
      address,      
      addr_dtail,   
      point,        
      reg_dt,       
      reg_id,       
      mod_dt,       
      mod_id        
  FROM member       
  WHERE mem_id = ?  
  AND grp_div  = ?  

2019-12-21 15:47:53,924 DEBUG [JavaFX Application Thread] dao.MemberDao     (MemberDao.java:595)     - =============================
2019-12-21 15:47:53,925 DEBUG [JavaFX Application Thread] dao.MemberDao     (MemberDao.java:603)     - =============================
2019-12-21 15:47:53,925 DEBUG [JavaFX Application Thread] dao.MemberDao     (MemberDao.java:604)     - 03. getMemId=
user3
2019-12-21 15:47:53,925 DEBUG [JavaFX Application Thread] dao.MemberDao     (MemberDao.java:605)     - 03. getGrpDiv=
5
2019-12-21 15:47:53,926 DEBUG [JavaFX Application Thread] dao.MemberDao     (MemberDao.java:606)     - =============================
2019-12-21 15:47:53,944 DEBUG [JavaFX Application Thread] dao.MemberDao     (MemberDao.java:631)     - =============================
2019-12-21 15:47:53,944 DEBUG [JavaFX Application Thread] dao.MemberDao     (MemberDao.java:632)     - 04. Run outVO=
MemberVO [memId=user3, grpDiv=5, pw=1234, name=이길동, auth=1, email=leegildong@naver.com, cellphone=010-1111-0003, address=서울시영등포구, addrDtail=null, point=null, regDt=2019-12-12 15:11:52, regId=admin, modDt=2019-12-12 15:11:52, modId=admin, toString()=DTO [no=null, message=null, messageDiv=null, total=0, grpDiv=null]]
2019-12-21 15:47:53,945 DEBUG [JavaFX Application Thread] dao.MemberDao     (MemberDao.java:633)     - =============================
